mode: set
github.com/matttm/gate-keeper/database.go:14.64,19.16 2 0
github.com/matttm/gate-keeper/database.go:19.16,20.13 1 0
github.com/matttm/gate-keeper/database.go:22.2,26.16 5 0
github.com/matttm/gate-keeper/database.go:26.16,27.13 1 0
github.com/matttm/gate-keeper/database.go:29.2,30.9 2 0
github.com/matttm/gate-keeper/database.go:33.22,35.2 1 0
github.com/matttm/gate-keeper/database.go:37.28,38.15 1 0
github.com/matttm/gate-keeper/database.go:38.15,40.3 1 0
github.com/matttm/gate-keeper/database.go:41.2,41.11 1 0
github.com/matttm/gate-keeper/database.go:44.29,46.16 2 0
github.com/matttm/gate-keeper/database.go:46.16,49.3 2 0
github.com/matttm/gate-keeper/database.go:50.2,50.13 1 0
github.com/matttm/gate-keeper/environment.go:29.36,30.25 1 0
github.com/matttm/gate-keeper/environment.go:30.25,36.17 6 0
github.com/matttm/gate-keeper/environment.go:36.17,38.4 1 0
github.com/matttm/gate-keeper/environment.go:39.3,43.17 4 0
github.com/matttm/gate-keeper/environment.go:43.17,45.4 1 0
github.com/matttm/gate-keeper/environment.go:46.3,47.17 2 0
github.com/matttm/gate-keeper/environment.go:47.17,50.4 2 0
github.com/matttm/gate-keeper/environment.go:51.3,57.4 1 0
github.com/matttm/gate-keeper/environment.go:59.2,59.21 1 0
github.com/matttm/gate-keeper/gate.go:20.54,25.16 5 0
github.com/matttm/gate-keeper/gate.go:25.16,27.3 1 0
github.com/matttm/gate-keeper/gate.go:28.2,30.18 3 0
github.com/matttm/gate-keeper/gate.go:30.18,32.51 2 0
github.com/matttm/gate-keeper/gate.go:32.51,34.4 1 0
github.com/matttm/gate-keeper/gate.go:35.3,35.30 1 0
github.com/matttm/gate-keeper/gate.go:37.2,37.14 1 0
github.com/matttm/gate-keeper/gate.go:40.77,44.16 4 0
github.com/matttm/gate-keeper/gate.go:44.16,46.3 1 0
github.com/matttm/gate-keeper/gate.go:49.85,53.28 4 0
github.com/matttm/gate-keeper/gate.go:53.28,56.13 3 0
github.com/matttm/gate-keeper/gate.go:56.13,59.4 2 0
github.com/matttm/gate-keeper/gate.go:61.2,61.11 1 0
github.com/matttm/gate-keeper/gate.go:63.125,65.26 2 1
github.com/matttm/gate-keeper/gate.go:65.26,66.25 1 1
github.com/matttm/gate-keeper/gate.go:66.25,68.9 2 1
github.com/matttm/gate-keeper/gate.go:71.2,71.15 1 1
github.com/matttm/gate-keeper/gate.go:71.15,73.3 1 0
github.com/matttm/gate-keeper/gate.go:74.2,75.34 2 1
github.com/matttm/gate-keeper/gate.go:75.34,79.3 3 1
github.com/matttm/gate-keeper/gate.go:80.2,80.21 1 1
github.com/matttm/gate-keeper/gate.go:82.125,84.2 1 1
github.com/matttm/gate-keeper/gate.go:85.126,88.20 3 1
github.com/matttm/gate-keeper/gate.go:88.20,90.3 1 1
github.com/matttm/gate-keeper/gate.go:90.8,92.3 1 1
github.com/matttm/gate-keeper/gate.go:93.2,95.37 3 1
github.com/matttm/gate-keeper/gate.go:95.37,97.20 2 1
github.com/matttm/gate-keeper/gate.go:97.20,99.4 1 1
github.com/matttm/gate-keeper/gate.go:100.3,100.19 1 1
github.com/matttm/gate-keeper/gate.go:100.19,102.4 1 1
github.com/matttm/gate-keeper/gate.go:104.2,104.193 1 1
github.com/matttm/gate-keeper/main.go:20.13,34.26 8 0
github.com/matttm/gate-keeper/main.go:34.26,36.3 1 0
github.com/matttm/gate-keeper/main.go:38.2,41.77 4 0
github.com/matttm/gate-keeper/main.go:41.77,44.3 2 0
github.com/matttm/gate-keeper/main.go:45.2,45.72 1 0
github.com/matttm/gate-keeper/main.go:45.72,48.3 2 0
github.com/matttm/gate-keeper/main.go:49.2,49.80 1 0
github.com/matttm/gate-keeper/main.go:49.80,52.3 2 0
github.com/matttm/gate-keeper/main.go:53.2,53.49 1 0
github.com/matttm/gate-keeper/main.go:53.49,54.77 1 0
github.com/matttm/gate-keeper/main.go:54.77,56.4 1 0
github.com/matttm/gate-keeper/main.go:57.3,60.114 4 0
github.com/matttm/gate-keeper/main.go:62.2,65.23 3 0
github.com/matttm/gate-keeper/positions.go:17.36,19.2 1 0
github.com/matttm/gate-keeper/positions.go:20.56,22.2 1 0
github.com/matttm/gate-keeper/positions.go:23.55,24.11 1 0
github.com/matttm/gate-keeper/positions.go:25.17,26.16 1 0
github.com/matttm/gate-keeper/positions.go:27.17,28.16 1 0
github.com/matttm/gate-keeper/positions.go:29.16,30.15 1 0
github.com/matttm/gate-keeper/positions.go:32.2,32.13 1 0
